#name "Testfiles/program2.cl"
#1 ERROR "Unmatched *)"
#3 CLASS
#3 TYPEID Foo
#3 '{'
#5 OBJECTID myInt
#5 ':'
#5 TYPEID Int
#5 ';'
#6 OBJECTID myString
#6 ':'
#6 TYPEID String
#6 ';'
#7 OBJECTID myBool
#7 ':'
#7 TYPEID Bool
#7 ';'
#10 OBJECTID init
#10 '('
#10 OBJECTID i
#10 ':'
#10 TYPEID Int
#10 ','
#10 OBJECTID s
#10 ':'
#10 TYPEID String
#10 ','
#10 OBJECTID b
#10 ':'
#10 TYPEID Bool
#10 ')'
#10 ':'
#10 TYPEID Cons
#10 '{'
#11 OBJECTID myInt
#11 ASSIGN
#11 OBJECTID i
#11 ';'
#12 OBJECTID myString
#12 ASSIGN
#12 OBJECTID s
#12 ';'
#13 OBJECTID myBool
#13 ASSIGN
#13 OBJECTID b
#13 ';'
#14 OBJECTID self
#14 ';'
#15 '}'
#15 ';'
#17 OBJECTID set_int
#17 '('
#17 OBJECTID i
#17 ':'
#17 TYPEID Int
#17 ')'
#17 '{'
#18 OBJECTID myInt
#18 ASSIGN
#18 OBJECTID i
#18 ';'
#19 '}'
#19 ';'
#21 OBJECTID get_int
#21 '('
#21 ')'
#21 ':'
#21 TYPEID Int
#21 '{'
#22 OBJECTID myInt
#22 ';'
#23 '}'
#26 OBJECTID increment_int
#26 '('
#26 OBJECTID i
#26 ':'
#26 TYPEID Int
#26 ')'
#26 ':'
#26 TYPEID Int
#26 '{'
#27 WHILE
#27 OBJECTID myInt
#27 '<'
#27 OBJECTID i
#28 LOOP
#29 OBJECTID myInt
#29 '='
#29 OBJECTID myInt
#29 '+'
#29 '-'
#29 INT_CONST 1
#30 POOL
#32 OBJECTID myInt
#32 ';'
#33 '}'
#36 OBJECTID set_bool
#36 '('
#36 ')'
#36 '{'
#37 IF
#37 OBJECTID myBool
#37 THEN
#38 OBJECTID myBool
#38 '='
#38 BOOL_CONST false
#38 ';'
#39 ELSE
#40 OBJECTID myBool
#40 '='
#40 TYPEID True
#40 ';'
#41 FI
#42 '}'
#42 ';'
#44 OBJECTID get_bool
#44 '('
#44 ')'
#44 ':'
#44 TYPEID Bool
#44 '{'
#45 OBJECTID myBool
#45 ';'
#46 '}'
#48 OBJECTID set_string
#48 '('
#48 OBJECTID s
#48 ':'
#48 TYPEID String
#48 ')'
#48 '{'
#49 OBJECTID myString
#49 ASSIGN
#50 ERROR "Unterminated string constant"
#50 OBJECTID problematic
#50 OBJECTID string
#51 ERROR "Unterminated string constant"
#51 '}'
#53 OBJECTID get_string
#53 '('
#53 ')'
#53 ':'
#53 TYPEID String
#53 '{'
#54 OBJECTID myString
#54 ';'
#55 '}'
#56 '}'
#56 ';'
#60 ERROR "EOF in comment"
